# JRE version: Java(TM) SE Runtime Environment (8.0_201-b09) (build 1.8.0_201-b09)
# Java VM: Java HotSpot(TM) 64-Bit Server VM (25.201-b09 mixed mode bsd-amd64 compressed oops)
Heap:
 PSYoungGen      total 146944K, used 89938K [0x0000000795580000, 0x00000007a5b00000, 0x00000007c0000000)
  eden space 133120K, 57% used [0x0000000795580000,0x0000000799fd97d8,0x000000079d780000)
  from space 13824K, 99% used [0x000000079d780000,0x000000079e4fb378,0x000000079e500000)
  to   space 17408K, 0% used [0x00000007a4a00000,0x00000007a4a00000,0x00000007a5b00000)
 ParOldGen       total 69120K, used 24335K [0x0000000740000000, 0x0000000744380000, 0x0000000795580000)
  object space 69120K, 35% used [0x0000000740000000,0x00000007417c3e58,0x0000000744380000)
 Metaspace       used 25555K, capacity 26176K, committed 26496K, reserved 1073152K
  class space    used 2905K, capacity 3095K, committed 3200K, reserved 1048576K
GC Heap History (10 events):
Event: 4.723 GC heap before
{Heap before GC invocations=4 (full 0):
 PSYoungGen      total 38400K, used 38368K [0x0000000795580000, 0x000000079a080000, 0x00000007c0000000)
  eden space 33280K, 100% used [0x0000000795580000,0x0000000797600000,0x0000000797600000)
  from space 5120K, 99% used [0x0000000797600000,0x0000000797af8040,0x0000000797b00000)
  to   space 5120K, 0% used [0x0000000799b80000,0x0000000799b80000,0x000000079a080000)
 ParOldGen       total 87552K, used 5239K [0x0000000740000000, 0x0000000745580000, 0x0000000795580000)
  object space 87552K, 5% used [0x0000000740000000,0x000000074051de50,0x0000000745580000)
 Metaspace       used 15594K, capacity 15890K, committed 16128K, reserved 1062912K
  class space    used 1854K, capacity 1974K, committed 2048K, reserved 1048576K
Event: 4.770 GC heap after
Heap after GC invocations=4 (full 0):
 PSYoungGen      total 71680K, used 5104K [0x0000000795580000, 0x000000079a080000, 0x00000007c0000000)
  eden space 66560K, 0% used [0x0000000795580000,0x0000000795580000,0x0000000799680000)
  from space 5120K, 99% used [0x0000000799b80000,0x000000079a07c010,0x000000079a080000)
  to   space 5120K, 0% used [0x0000000799680000,0x0000000799680000,0x0000000799b80000)
 ParOldGen       total 87552K, used 10522K [0x0000000740000000, 0x0000000745580000, 0x0000000795580000)
  object space 87552K, 12% used [0x0000000740000000,0x0000000740a46930,0x0000000745580000)
 Metaspace       used 15594K, capacity 15890K, committed 16128K, reserved 1062912K
  class space    used 1854K, capacity 1974K, committed 2048K, reserved 1048576K
}
Event: 6.328 GC heap before
{Heap before GC invocations=5 (full 0):
 PSYoungGen      total 71680K, used 71664K [0x0000000795580000, 0x000000079a080000, 0x00000007c0000000)
  eden space 66560K, 100% used [0x0000000795580000,0x0000000799680000,0x0000000799680000)
  from space 5120K, 99% used [0x0000000799b80000,0x000000079a07c010,0x000000079a080000)
  to   space 5120K, 0% used [0x0000000799680000,0x0000000799680000,0x0000000799b80000)
 ParOldGen       total 87552K, used 10522K [0x0000000740000000, 0x0000000745580000, 0x0000000795580000)
  object space 87552K, 12% used [0x0000000740000000,0x0000000740a46930,0x0000000745580000)
 Metaspace       used 16200K, capacity 16520K, committed 16896K, reserved 1064960K
  class space    used 1877K, capacity 1983K, committed 2048K, reserved 1048576K
Event: 6.373 GC heap after
Heap after GC invocations=5 (full 0):
 PSYoungGen      total 71680K, used 5120K [0x0000000795580000, 0x000000079f280000, 0x00000007c0000000)
  eden space 66560K, 0% used [0x0000000795580000,0x0000000795580000,0x0000000799680000)
  from space 5120K, 100% used [0x0000000799680000,0x0000000799b80000,0x0000000799b80000)
  to   space 13824K, 0% used [0x000000079e500000,0x000000079e500000,0x000000079f280000)
 ParOldGen       total 87552K, used 16510K [0x0000000740000000, 0x0000000745580000, 0x0000000795580000)
  object space 87552K, 18% used [0x0000000740000000,0x000000074101f840,0x0000000745580000)
 Metaspace       used 16200K, capacity 16520K, committed 16896K, reserved 1064960K
  class space    used 1877K, capacity 1983K, committed 2048K, reserved 1048576K
}
Event: 7.777 GC heap before
{Heap before GC invocations=6 (full 0):
 PSYoungGen      total 71680K, used 61223K [0x0000000795580000, 0x000000079f280000, 0x00000007c0000000)
  eden space 66560K, 84% used [0x0000000795580000,0x0000000798c49d50,0x0000000799680000)
  from space 5120K, 100% used [0x0000000799680000,0x0000000799b80000,0x0000000799b80000)
  to   space 13824K, 0% used [0x000000079e500000,0x000000079e500000,0x000000079f280000)
 ParOldGen       total 87552K, used 16510K [0x0000000740000000, 0x0000000745580000, 0x0000000795580000)
  object space 87552K, 18% used [0x0000000740000000,0x000000074101f840,0x0000000745580000)
 Metaspace       used 20667K, capacity 21060K, committed 21296K, reserved 1069056K
  class space    used 2440K, capacity 2583K, committed 2688K, reserved 1048576K
Event: 7.883 GC heap after
Heap after GC invocations=6 (full 0):
 PSYoungGen      total 146944K, used 9589K [0x0000000795580000, 0x000000079f280000, 0x00000007c0000000)
  eden space 133120K, 0% used [0x0000000795580000,0x0000000795580000,0x000000079d780000)
  from space 13824K, 69% used [0x000000079e500000,0x000000079ee5d6b8,0x000000079f280000)
  to   space 13824K, 0% used [0x000000079d780000,0x000000079d780000,0x000000079e500000)
 ParOldGen       total 87552K, used 16510K [0x0000000740000000, 0x0000000745580000, 0x0000000795580000)
  object space 87552K, 18% used [0x0000000740000000,0x000000074101f840,0x0000000745580000)
 Metaspace       used 20667K, capacity 21060K, committed 21296K, reserved 1069056K
  class space    used 2440K, capacity 2583K, committed 2688K, reserved 1048576K
}
Event: 7.884 GC heap before
{Heap before GC invocations=7 (full 1):
 PSYoungGen      total 146944K, used 9589K [0x0000000795580000, 0x000000079f280000, 0x00000007c0000000)
  eden space 133120K, 0% used [0x0000000795580000,0x0000000795580000,0x000000079d780000)
  from space 13824K, 69% used [0x000000079e500000,0x000000079ee5d6b8,0x000000079f280000)
  to   space 13824K, 0% used [0x000000079d780000,0x000000079d780000,0x000000079e500000)
 ParOldGen       total 87552K, used 16510K [0x0000000740000000, 0x0000000745580000, 0x0000000795580000)
  object space 87552K, 18% used [0x0000000740000000,0x000000074101f840,0x0000000745580000)
 Metaspace       used 20667K, capacity 21060K, committed 21296K, reserved 1069056K
  class space    used 2440K, capacity 2583K, committed 2688K, reserved 1048576K
Event: 7.968 GC heap after
Heap after GC invocations=7 (full 1):
 PSYoungGen      total 146944K, used 0K [0x0000000795580000, 0x000000079f280000, 0x00000007c0000000)
  eden space 133120K, 0% used [0x0000000795580000,0x0000000795580000,0x000000079d780000)
  from space 13824K, 0% used [0x000000079e500000,0x000000079e500000,0x000000079f280000)
  to   space 13824K, 0% used [0x000000079d780000,0x000000079d780000,0x000000079e500000)
 ParOldGen       total 69120K, used 20818K [0x0000000740000000, 0x0000000744380000, 0x0000000795580000)
  object space 69120K, 30% used [0x0000000740000000,0x0000000741454b98,0x0000000744380000)
 Metaspace       used 20667K, capacity 21060K, committed 21296K, reserved 1069056K
  class space    used 2440K, capacity 2583K, committed 2688K, reserved 1048576K
}
Event: 10.178 GC heap before
{Heap before GC invocations=8 (full 1):
 PSYoungGen      total 146944K, used 133120K [0x0000000795580000, 0x000000079f280000, 0x00000007c0000000)
  eden space 133120K, 100% used [0x0000000795580000,0x000000079d780000,0x000000079d780000)
  from space 13824K, 0% used [0x000000079e500000,0x000000079e500000,0x000000079f280000)
  to   space 13824K, 0% used [0x000000079d780000,0x000000079d780000,0x000000079e500000)
 ParOldGen       total 69120K, used 20818K [0x0000000740000000, 0x0000000744380000, 0x0000000795580000)
  object space 69120K, 30% used [0x0000000740000000,0x0000000741454b98,0x0000000744380000)
 Metaspace       used 23552K, capacity 24072K, committed 24192K, reserved 1071104K
  class space    used 2716K, capacity 2883K, committed 2944K, reserved 1048576K
Event: 10.195 GC heap after
Heap after GC invocations=8 (full 1):
 PSYoungGen      total 146944K, used 13804K [0x0000000795580000, 0x00000007a5b00000, 0x00000007c0000000)
  eden space 133120K, 0% used [0x0000000795580000,0x0000000795580000,0x000000079d780000)
  from space 13824K, 99% used [0x000000079d780000,0x000000079e4fb378,0x000000079e500000)
  to   space 17408K, 0% used [0x00000007a4a00000,0x00000007a4a00000,0x00000007a5b00000)
 ParOldGen       total 69120K, used 24335K [0x0000000740000000, 0x0000000744380000, 0x0000000795580000)
  object space 69120K, 35% used [0x0000000740000000,0x00000007417c3e58,0x0000000744380000)
 Metaspace       used 23552K, capacity 24072K, committed 24192K, reserved 1071104K
  class space    used 2716K, capacity 2883K, committed 2944K, reserved 1048576K
}

