# JRE version: Java(TM) SE Runtime Environment (8.0_201-b09) (build 1.8.0_201-b09)
# Java VM: Java HotSpot(TM) 64-Bit Server VM (25.201-b09 mixed mode bsd-amd64 compressed oops)
Heap:
 PSYoungGen      total 250368K, used 70986K [0x0000000795580000, 0x00000007a7680000, 0x00000007c0000000)
  eden space 235520K, 23% used [0x0000000795580000,0x0000000798c556f0,0x00000007a3b80000)
  from space 14848K, 99% used [0x00000007a6800000,0x00000007a767d270,0x00000007a7680000)
  to   space 18432K, 0% used [0x00000007a5280000,0x00000007a5280000,0x00000007a6480000)
 ParOldGen       total 70144K, used 22486K [0x0000000740000000, 0x0000000744480000, 0x0000000795580000)
  object space 70144K, 32% used [0x0000000740000000,0x00000007415f5aa0,0x0000000744480000)
 Metaspace       used 25075K, capacity 25614K, committed 25856K, reserved 1073152K
  class space    used 2858K, capacity 3012K, committed 3072K, reserved 1048576K
GC Heap History (10 events):
Event: 3.965 GC heap before
{Heap before GC invocations=3 (full 0):
 PSYoungGen      total 71680K, used 71655K [0x0000000795580000, 0x000000079a080000, 0x00000007c0000000)
  eden space 66560K, 100% used [0x0000000795580000,0x0000000799680000,0x0000000799680000)
  from space 5120K, 99% used [0x0000000799b80000,0x000000079a079d28,0x000000079a080000)
  to   space 5120K, 0% used [0x0000000799680000,0x0000000799680000,0x0000000799b80000)
 ParOldGen       total 87552K, used 1786K [0x0000000740000000, 0x0000000745580000, 0x0000000795580000)
  object space 87552K, 2% used [0x0000000740000000,0x00000007401be8d0,0x0000000745580000)
 Metaspace       used 15574K, capacity 15890K, committed 16128K, reserved 1062912K
  class space    used 1856K, capacity 1974K, committed 2048K, reserved 1048576K
Event: 4.017 GC heap after
Heap after GC invocations=3 (full 0):
 PSYoungGen      total 71680K, used 5104K [0x0000000795580000, 0x000000079e180000, 0x00000007c0000000)
  eden space 66560K, 0% used [0x0000000795580000,0x0000000795580000,0x0000000799680000)
  from space 5120K, 99% used [0x0000000799680000,0x0000000799b7c030,0x0000000799b80000)
  to   space 5120K, 0% used [0x000000079dc80000,0x000000079dc80000,0x000000079e180000)
 ParOldGen       total 87552K, used 10120K [0x0000000740000000, 0x0000000745580000, 0x0000000795580000)
  object space 87552K, 11% used [0x0000000740000000,0x00000007409e2098,0x0000000745580000)
 Metaspace       used 15574K, capacity 15890K, committed 16128K, reserved 1062912K
  class space    used 1856K, capacity 1974K, committed 2048K, reserved 1048576K
}
Event: 5.421 GC heap before
{Heap before GC invocations=4 (full 0):
 PSYoungGen      total 71680K, used 71664K [0x0000000795580000, 0x000000079e180000, 0x00000007c0000000)
  eden space 66560K, 100% used [0x0000000795580000,0x0000000799680000,0x0000000799680000)
  from space 5120K, 99% used [0x0000000799680000,0x0000000799b7c030,0x0000000799b80000)
  to   space 5120K, 0% used [0x000000079dc80000,0x000000079dc80000,0x000000079e180000)
 ParOldGen       total 87552K, used 10120K [0x0000000740000000, 0x0000000745580000, 0x0000000795580000)
  object space 87552K, 11% used [0x0000000740000000,0x00000007409e2098,0x0000000745580000)
 Metaspace       used 16249K, capacity 16584K, committed 16896K, reserved 1064960K
  class space    used 1879K, capacity 1983K, committed 2048K, reserved 1048576K
Event: 5.463 GC heap after
Heap after GC invocations=4 (full 0):
 PSYoungGen      total 138240K, used 5104K [0x0000000795580000, 0x000000079e180000, 0x00000007c0000000)
  eden space 133120K, 0% used [0x0000000795580000,0x0000000795580000,0x000000079d780000)
  from space 5120K, 99% used [0x000000079dc80000,0x000000079e17c030,0x000000079e180000)
  to   space 5120K, 0% used [0x000000079d780000,0x000000079d780000,0x000000079dc80000)
 ParOldGen       total 87552K, used 16509K [0x0000000740000000, 0x0000000745580000, 0x0000000795580000)
  object space 87552K, 18% used [0x0000000740000000,0x000000074101f648,0x0000000745580000)
 Metaspace       used 16249K, capacity 16584K, committed 16896K, reserved 1064960K
  class space    used 1879K, capacity 1983K, committed 2048K, reserved 1048576K
}
Event: 6.469 GC heap before
{Heap before GC invocations=5 (full 0):
 PSYoungGen      total 138240K, used 60171K [0x0000000795580000, 0x000000079e180000, 0x00000007c0000000)
  eden space 133120K, 41% used [0x0000000795580000,0x0000000798b46bd8,0x000000079d780000)
  from space 5120K, 99% used [0x000000079dc80000,0x000000079e17c030,0x000000079e180000)
  to   space 5120K, 0% used [0x000000079d780000,0x000000079d780000,0x000000079dc80000)
 ParOldGen       total 87552K, used 16509K [0x0000000740000000, 0x0000000745580000, 0x0000000795580000)
  object space 87552K, 18% used [0x0000000740000000,0x000000074101f648,0x0000000745580000)
 Metaspace       used 20659K, capacity 21060K, committed 21296K, reserved 1069056K
  class space    used 2441K, capacity 2583K, committed 2688K, reserved 1048576K
Event: 6.521 GC heap after
Heap after GC invocations=5 (full 0):
 PSYoungGen      total 138240K, used 5092K [0x0000000795580000, 0x00000007a7680000, 0x00000007c0000000)
  eden space 133120K, 0% used [0x0000000795580000,0x0000000795580000,0x000000079d780000)
  from space 5120K, 99% used [0x000000079d780000,0x000000079dc79290,0x000000079dc80000)
  to   space 14848K, 0% used [0x00000007a6800000,0x00000007a6800000,0x00000007a7680000)
 ParOldGen       total 87552K, used 20817K [0x0000000740000000, 0x0000000745580000, 0x0000000795580000)
  object space 87552K, 23% used [0x0000000740000000,0x0000000741454720,0x0000000745580000)
 Metaspace       used 20659K, capacity 21060K, committed 21296K, reserved 1069056K
  class space    used 2441K, capacity 2583K, committed 2688K, reserved 1048576K
}
Event: 6.522 GC heap before
{Heap before GC invocations=6 (full 1):
 PSYoungGen      total 138240K, used 5092K [0x0000000795580000, 0x00000007a7680000, 0x00000007c0000000)
  eden space 133120K, 0% used [0x0000000795580000,0x0000000795580000,0x000000079d780000)
  from space 5120K, 99% used [0x000000079d780000,0x000000079dc79290,0x000000079dc80000)
  to   space 14848K, 0% used [0x00000007a6800000,0x00000007a6800000,0x00000007a7680000)
 ParOldGen       total 87552K, used 20817K [0x0000000740000000, 0x0000000745580000, 0x0000000795580000)
  object space 87552K, 23% used [0x0000000740000000,0x0000000741454720,0x0000000745580000)
 Metaspace       used 20659K, capacity 21060K, committed 21296K, reserved 1069056K
  class space    used 2441K, capacity 2583K, committed 2688K, reserved 1048576K
Event: 6.574 GC heap after
Heap after GC invocations=6 (full 1):
 PSYoungGen      total 138240K, used 0K [0x0000000795580000, 0x00000007a7680000, 0x00000007c0000000)
  eden space 133120K, 0% used [0x0000000795580000,0x0000000795580000,0x000000079d780000)
  from space 5120K, 0% used [0x000000079d780000,0x000000079d780000,0x000000079dc80000)
  to   space 14848K, 0% used [0x00000007a6800000,0x00000007a6800000,0x00000007a7680000)
 ParOldGen       total 70144K, used 20212K [0x0000000740000000, 0x0000000744480000, 0x0000000795580000)
  object space 70144K, 28% used [0x0000000740000000,0x00000007413bd1e0,0x0000000744480000)
 Metaspace       used 20659K, capacity 21060K, committed 21296K, reserved 1069056K
  class space    used 2441K, capacity 2583K, committed 2688K, reserved 1048576K
}
Event: 7.925 GC heap before
{Heap before GC invocations=7 (full 1):
 PSYoungGen      total 138240K, used 133120K [0x0000000795580000, 0x00000007a7680000, 0x00000007c0000000)
  eden space 133120K, 100% used [0x0000000795580000,0x000000079d780000,0x000000079d780000)
  from space 5120K, 0% used [0x000000079d780000,0x000000079d780000,0x000000079dc80000)
  to   space 14848K, 0% used [0x00000007a6800000,0x00000007a6800000,0x00000007a7680000)
 ParOldGen       total 70144K, used 20212K [0x0000000740000000, 0x0000000744480000, 0x0000000795580000)
  object space 70144K, 28% used [0x0000000740000000,0x00000007413bd1e0,0x0000000744480000)
 Metaspace       used 23632K, capacity 24136K, committed 24448K, reserved 1071104K
  class space    used 2730K, capacity 2883K, committed 2944K, reserved 1048576K
Event: 7.944 GC heap after
Heap after GC invocations=7 (full 1):
 PSYoungGen      total 250368K, used 14836K [0x0000000795580000, 0x00000007a7680000, 0x00000007c0000000)
  eden space 235520K, 0% used [0x0000000795580000,0x0000000795580000,0x00000007a3b80000)
  from space 14848K, 99% used [0x00000007a6800000,0x00000007a767d270,0x00000007a7680000)
  to   space 18432K, 0% used [0x00000007a5280000,0x00000007a5280000,0x00000007a6480000)
 ParOldGen       total 70144K, used 22486K [0x0000000740000000, 0x0000000744480000, 0x0000000795580000)
  object space 70144K, 32% used [0x0000000740000000,0x00000007415f5aa0,0x0000000744480000)
 Metaspace       used 23632K, capacity 24136K, committed 24448K, reserved 1071104K
  class space    used 2730K, capacity 2883K, committed 2944K, reserved 1048576K
}

