# JRE version: Java(TM) SE Runtime Environment (8.0_201-b09) (build 1.8.0_201-b09)
# Java VM: Java HotSpot(TM) 64-Bit Server VM (25.201-b09 mixed mode bsd-amd64 compressed oops)
Heap:
 PSYoungGen      total 239104K, used 68549K [0x0000000795580000, 0x00000007a7780000, 0x00000007c0000000)
  eden space 223744K, 23% used [0x0000000795580000,0x0000000798974150,0x00000007a3000000)
  from space 15360K, 99% used [0x00000007a6880000,0x00000007a777d638,0x00000007a7780000)
  to   space 18944K, 0% used [0x00000007a5280000,0x00000007a5280000,0x00000007a6500000)
 ParOldGen       total 73216K, used 22406K [0x0000000740000000, 0x0000000744780000, 0x0000000795580000)
  object space 73216K, 30% used [0x0000000740000000,0x00000007415e19d8,0x0000000744780000)
 Metaspace       used 25090K, capacity 25678K, committed 25856K, reserved 1073152K
  class space    used 2860K, capacity 3012K, committed 3072K, reserved 1048576K
GC Heap History (10 events):
Event: 3.565 GC heap before
{Heap before GC invocations=3 (full 0):
 PSYoungGen      total 71680K, used 71669K [0x0000000795580000, 0x000000079a080000, 0x00000007c0000000)
  eden space 66560K, 100% used [0x0000000795580000,0x0000000799680000,0x0000000799680000)
  from space 5120K, 99% used [0x0000000799b80000,0x000000079a07d5e0,0x000000079a080000)
  to   space 5120K, 0% used [0x0000000799680000,0x0000000799680000,0x0000000799b80000)
 ParOldGen       total 87552K, used 1725K [0x0000000740000000, 0x0000000745580000, 0x0000000795580000)
  object space 87552K, 1% used [0x0000000740000000,0x00000007401af6c8,0x0000000745580000)
 Metaspace       used 15602K, capacity 15890K, committed 16128K, reserved 1062912K
  class space    used 1857K, capacity 1974K, committed 2048K, reserved 1048576K
Event: 3.610 GC heap after
Heap after GC invocations=3 (full 0):
 PSYoungGen      total 71680K, used 5104K [0x0000000795580000, 0x000000079e180000, 0x00000007c0000000)
  eden space 66560K, 0% used [0x0000000795580000,0x0000000795580000,0x0000000799680000)
  from space 5120K, 99% used [0x0000000799680000,0x0000000799b7c010,0x0000000799b80000)
  to   space 5120K, 0% used [0x000000079dc80000,0x000000079dc80000,0x000000079e180000)
 ParOldGen       total 87552K, used 9935K [0x0000000740000000, 0x0000000745580000, 0x0000000795580000)
  object space 87552K, 11% used [0x0000000740000000,0x00000007409b3fa0,0x0000000745580000)
 Metaspace       used 15602K, capacity 15890K, committed 16128K, reserved 1062912K
  class space    used 1857K, capacity 1974K, committed 2048K, reserved 1048576K
}
Event: 4.876 GC heap before
{Heap before GC invocations=4 (full 0):
 PSYoungGen      total 71680K, used 71664K [0x0000000795580000, 0x000000079e180000, 0x00000007c0000000)
  eden space 66560K, 100% used [0x0000000795580000,0x0000000799680000,0x0000000799680000)
  from space 5120K, 99% used [0x0000000799680000,0x0000000799b7c010,0x0000000799b80000)
  to   space 5120K, 0% used [0x000000079dc80000,0x000000079dc80000,0x000000079e180000)
 ParOldGen       total 87552K, used 9935K [0x0000000740000000, 0x0000000745580000, 0x0000000795580000)
  object space 87552K, 11% used [0x0000000740000000,0x00000007409b3fa0,0x0000000745580000)
 Metaspace       used 16218K, capacity 16520K, committed 16640K, reserved 1064960K
  class space    used 1880K, capacity 1983K, committed 2048K, reserved 1048576K
Event: 4.916 GC heap after
Heap after GC invocations=4 (full 0):
 PSYoungGen      total 138240K, used 5120K [0x0000000795580000, 0x000000079e180000, 0x00000007c0000000)
  eden space 133120K, 0% used [0x0000000795580000,0x0000000795580000,0x000000079d780000)
  from space 5120K, 100% used [0x000000079dc80000,0x000000079e180000,0x000000079e180000)
  to   space 5120K, 0% used [0x000000079d780000,0x000000079d780000,0x000000079dc80000)
 ParOldGen       total 87552K, used 17064K [0x0000000740000000, 0x0000000745580000, 0x0000000795580000)
  object space 87552K, 19% used [0x0000000740000000,0x00000007410aa3b8,0x0000000745580000)
 Metaspace       used 16218K, capacity 16520K, committed 16640K, reserved 1064960K
  class space    used 1880K, capacity 1983K, committed 2048K, reserved 1048576K
}
Event: 6.149 GC heap before
{Heap before GC invocations=5 (full 0):
 PSYoungGen      total 138240K, used 62724K [0x0000000795580000, 0x000000079e180000, 0x00000007c0000000)
  eden space 133120K, 43% used [0x0000000795580000,0x0000000798dc11a0,0x000000079d780000)
  from space 5120K, 100% used [0x000000079dc80000,0x000000079e180000,0x000000079e180000)
  to   space 5120K, 0% used [0x000000079d780000,0x000000079d780000,0x000000079dc80000)
 ParOldGen       total 87552K, used 17064K [0x0000000740000000, 0x0000000745580000, 0x0000000795580000)
  object space 87552K, 19% used [0x0000000740000000,0x00000007410aa3b8,0x0000000745580000)
 Metaspace       used 20661K, capacity 21124K, committed 21296K, reserved 1069056K
  class space    used 2443K, capacity 2583K, committed 2688K, reserved 1048576K
Event: 6.196 GC heap after
Heap after GC invocations=5 (full 0):
 PSYoungGen      total 138240K, used 5104K [0x0000000795580000, 0x00000007a7780000, 0x00000007c0000000)
  eden space 133120K, 0% used [0x0000000795580000,0x0000000795580000,0x000000079d780000)
  from space 5120K, 99% used [0x000000079d780000,0x000000079dc7c010,0x000000079dc80000)
  to   space 15360K, 0% used [0x00000007a6880000,0x00000007a6880000,0x00000007a7780000)
 ParOldGen       total 87552K, used 21510K [0x0000000740000000, 0x0000000745580000, 0x0000000795580000)
  object space 87552K, 24% used [0x0000000740000000,0x0000000741501b10,0x0000000745580000)
 Metaspace       used 20661K, capacity 21124K, committed 21296K, reserved 1069056K
  class space    used 2443K, capacity 2583K, committed 2688K, reserved 1048576K
}
Event: 6.196 GC heap before
{Heap before GC invocations=6 (full 1):
 PSYoungGen      total 138240K, used 5104K [0x0000000795580000, 0x00000007a7780000, 0x00000007c0000000)
  eden space 133120K, 0% used [0x0000000795580000,0x0000000795580000,0x000000079d780000)
  from space 5120K, 99% used [0x000000079d780000,0x000000079dc7c010,0x000000079dc80000)
  to   space 15360K, 0% used [0x00000007a6880000,0x00000007a6880000,0x00000007a7780000)
 ParOldGen       total 87552K, used 21510K [0x0000000740000000, 0x0000000745580000, 0x0000000795580000)
  object space 87552K, 24% used [0x0000000740000000,0x0000000741501b10,0x0000000745580000)
 Metaspace       used 20661K, capacity 21124K, committed 21296K, reserved 1069056K
  class space    used 2443K, capacity 2583K, committed 2688K, reserved 1048576K
Event: 6.263 GC heap after
Heap after GC invocations=6 (full 1):
 PSYoungGen      total 138240K, used 0K [0x0000000795580000, 0x00000007a7780000, 0x00000007c0000000)
  eden space 133120K, 0% used [0x0000000795580000,0x0000000795580000,0x000000079d780000)
  from space 5120K, 0% used [0x000000079d780000,0x000000079d780000,0x000000079dc80000)
  to   space 15360K, 0% used [0x00000007a6880000,0x00000007a6880000,0x00000007a7780000)
 ParOldGen       total 73216K, used 20620K [0x0000000740000000, 0x0000000744780000, 0x0000000795580000)
  object space 73216K, 28% used [0x0000000740000000,0x0000000741423368,0x0000000744780000)
 Metaspace       used 20661K, capacity 21124K, committed 21296K, reserved 1069056K
  class space    used 2443K, capacity 2583K, committed 2688K, reserved 1048576K
}
Event: 7.582 GC heap before
{Heap before GC invocations=7 (full 1):
 PSYoungGen      total 138240K, used 133120K [0x0000000795580000, 0x00000007a7780000, 0x00000007c0000000)
  eden space 133120K, 100% used [0x0000000795580000,0x000000079d780000,0x000000079d780000)
  from space 5120K, 0% used [0x000000079d780000,0x000000079d780000,0x000000079dc80000)
  to   space 15360K, 0% used [0x00000007a6880000,0x00000007a6880000,0x00000007a7780000)
 ParOldGen       total 73216K, used 20620K [0x0000000740000000, 0x0000000744780000, 0x0000000795580000)
  object space 73216K, 28% used [0x0000000740000000,0x0000000741423368,0x0000000744780000)
 Metaspace       used 23666K, capacity 24296K, committed 24448K, reserved 1071104K
  class space    used 2735K, capacity 2915K, committed 2944K, reserved 1048576K
Event: 7.595 GC heap after
Heap after GC invocations=7 (full 1):
 PSYoungGen      total 239104K, used 15349K [0x0000000795580000, 0x00000007a7780000, 0x00000007c0000000)
  eden space 223744K, 0% used [0x0000000795580000,0x0000000795580000,0x00000007a3000000)
  from space 15360K, 99% used [0x00000007a6880000,0x00000007a777d638,0x00000007a7780000)
  to   space 18944K, 0% used [0x00000007a5280000,0x00000007a5280000,0x00000007a6500000)
 ParOldGen       total 73216K, used 22406K [0x0000000740000000, 0x0000000744780000, 0x0000000795580000)
  object space 73216K, 30% used [0x0000000740000000,0x00000007415e19d8,0x0000000744780000)
 Metaspace       used 23666K, capacity 24296K, committed 24448K, reserved 1071104K
  class space    used 2735K, capacity 2915K, committed 2944K, reserved 1048576K
}

