# JRE version: Java(TM) SE Runtime Environment (8.0_201-b09) (build 1.8.0_201-b09)
# Java VM: Java HotSpot(TM) 64-Bit Server VM (25.201-b09 mixed mode bsd-amd64 compressed oops)
Heap:
 PSYoungGen      total 229888K, used 70640K [0x0000000795580000, 0x00000007a7780000, 0x00000007c0000000)
  eden space 214528K, 25% used [0x0000000795580000,0x0000000798b80440,0x00000007a2700000)
  from space 15360K, 99% used [0x00000007a6880000,0x00000007a777bc10,0x00000007a7780000)
  to   space 18944K, 0% used [0x00000007a5280000,0x00000007a5280000,0x00000007a6500000)
 ParOldGen       total 75776K, used 22522K [0x0000000740000000, 0x0000000744a00000, 0x0000000795580000)
  object space 75776K, 29% used [0x0000000740000000,0x00000007415fe818,0x0000000744a00000)
 Metaspace       used 25075K, capacity 25582K, committed 25776K, reserved 1073152K
  class space    used 2856K, capacity 2980K, committed 2992K, reserved 1048576K
GC Heap History (10 events):
Event: 3.240 GC heap before
{Heap before GC invocations=3 (full 0):
 PSYoungGen      total 71680K, used 71661K [0x0000000795580000, 0x000000079a080000, 0x00000007c0000000)
  eden space 66560K, 100% used [0x0000000795580000,0x0000000799680000,0x0000000799680000)
  from space 5120K, 99% used [0x0000000799b80000,0x000000079a07b490,0x000000079a080000)
  to   space 5120K, 0% used [0x0000000799680000,0x0000000799680000,0x0000000799b80000)
 ParOldGen       total 87552K, used 1896K [0x0000000740000000, 0x0000000745580000, 0x0000000795580000)
  object space 87552K, 2% used [0x0000000740000000,0x00000007401da020,0x0000000745580000)
 Metaspace       used 15612K, capacity 15890K, committed 16128K, reserved 1062912K
  class space    used 1854K, capacity 1974K, committed 2048K, reserved 1048576K
Event: 3.285 GC heap after
Heap after GC invocations=3 (full 0):
 PSYoungGen      total 71680K, used 5088K [0x0000000795580000, 0x000000079e180000, 0x00000007c0000000)
  eden space 66560K, 0% used [0x0000000795580000,0x0000000795580000,0x0000000799680000)
  from space 5120K, 99% used [0x0000000799680000,0x0000000799b78020,0x0000000799b80000)
  to   space 5120K, 0% used [0x000000079dc80000,0x000000079dc80000,0x000000079e180000)
 ParOldGen       total 87552K, used 10030K [0x0000000740000000, 0x0000000745580000, 0x0000000795580000)
  object space 87552K, 11% used [0x0000000740000000,0x00000007409cba28,0x0000000745580000)
 Metaspace       used 15612K, capacity 15890K, committed 16128K, reserved 1062912K
  class space    used 1854K, capacity 1974K, committed 2048K, reserved 1048576K
}
Event: 4.512 GC heap before
{Heap before GC invocations=4 (full 0):
 PSYoungGen      total 71680K, used 71648K [0x0000000795580000, 0x000000079e180000, 0x00000007c0000000)
  eden space 66560K, 100% used [0x0000000795580000,0x0000000799680000,0x0000000799680000)
  from space 5120K, 99% used [0x0000000799680000,0x0000000799b78020,0x0000000799b80000)
  to   space 5120K, 0% used [0x000000079dc80000,0x000000079dc80000,0x000000079e180000)
 ParOldGen       total 87552K, used 10030K [0x0000000740000000, 0x0000000745580000, 0x0000000795580000)
  object space 87552K, 11% used [0x0000000740000000,0x00000007409cba28,0x0000000745580000)
 Metaspace       used 16195K, capacity 16520K, committed 16640K, reserved 1064960K
  class space    used 1876K, capacity 1983K, committed 2048K, reserved 1048576K
Event: 4.551 GC heap after
Heap after GC invocations=4 (full 0):
 PSYoungGen      total 138240K, used 5088K [0x0000000795580000, 0x000000079e180000, 0x00000007c0000000)
  eden space 133120K, 0% used [0x0000000795580000,0x0000000795580000,0x000000079d780000)
  from space 5120K, 99% used [0x000000079dc80000,0x000000079e178020,0x000000079e180000)
  to   space 5120K, 0% used [0x000000079d780000,0x000000079d780000,0x000000079dc80000)
 ParOldGen       total 87552K, used 17185K [0x0000000740000000, 0x0000000745580000, 0x0000000795580000)
  object space 87552K, 19% used [0x0000000740000000,0x00000007410c8698,0x0000000745580000)
 Metaspace       used 16195K, capacity 16520K, committed 16640K, reserved 1064960K
  class space    used 1876K, capacity 1983K, committed 2048K, reserved 1048576K
}
Event: 5.754 GC heap before
{Heap before GC invocations=5 (full 0):
 PSYoungGen      total 138240K, used 65192K [0x0000000795580000, 0x000000079e180000, 0x00000007c0000000)
  eden space 133120K, 45% used [0x0000000795580000,0x0000000799032180,0x000000079d780000)
  from space 5120K, 99% used [0x000000079dc80000,0x000000079e178020,0x000000079e180000)
  to   space 5120K, 0% used [0x000000079d780000,0x000000079d780000,0x000000079dc80000)
 ParOldGen       total 87552K, used 17185K [0x0000000740000000, 0x0000000745580000, 0x0000000795580000)
  object space 87552K, 19% used [0x0000000740000000,0x00000007410c8698,0x0000000745580000)
 Metaspace       used 20879K, capacity 21252K, committed 21296K, reserved 1069056K
  class space    used 2456K, capacity 2583K, committed 2608K, reserved 1048576K
Event: 5.870 GC heap after
Heap after GC invocations=5 (full 0):
 PSYoungGen      total 138240K, used 5104K [0x0000000795580000, 0x00000007a7780000, 0x00000007c0000000)
  eden space 133120K, 0% used [0x0000000795580000,0x0000000795580000,0x000000079d780000)
  from space 5120K, 99% used [0x000000079d780000,0x000000079dc7c010,0x000000079dc80000)
  to   space 15360K, 0% used [0x00000007a6880000,0x00000007a6880000,0x00000007a7780000)
 ParOldGen       total 87552K, used 21904K [0x0000000740000000, 0x0000000745580000, 0x0000000795580000)
  object space 87552K, 25% used [0x0000000740000000,0x0000000741564178,0x0000000745580000)
 Metaspace       used 20879K, capacity 21252K, committed 21296K, reserved 1069056K
  class space    used 2456K, capacity 2583K, committed 2608K, reserved 1048576K
}
Event: 5.872 GC heap before
{Heap before GC invocations=6 (full 1):
 PSYoungGen      total 138240K, used 5104K [0x0000000795580000, 0x00000007a7780000, 0x00000007c0000000)
  eden space 133120K, 0% used [0x0000000795580000,0x0000000795580000,0x000000079d780000)
  from space 5120K, 99% used [0x000000079d780000,0x000000079dc7c010,0x000000079dc80000)
  to   space 15360K, 0% used [0x00000007a6880000,0x00000007a6880000,0x00000007a7780000)
 ParOldGen       total 87552K, used 21904K [0x0000000740000000, 0x0000000745580000, 0x0000000795580000)
  object space 87552K, 25% used [0x0000000740000000,0x0000000741564178,0x0000000745580000)
 Metaspace       used 20879K, capacity 21252K, committed 21296K, reserved 1069056K
  class space    used 2456K, capacity 2583K, committed 2608K, reserved 1048576K
Event: 5.995 GC heap after
Heap after GC invocations=6 (full 1):
 PSYoungGen      total 138240K, used 0K [0x0000000795580000, 0x00000007a7780000, 0x00000007c0000000)
  eden space 133120K, 0% used [0x0000000795580000,0x0000000795580000,0x000000079d780000)
  from space 5120K, 0% used [0x000000079d780000,0x000000079d780000,0x000000079dc80000)
  to   space 15360K, 0% used [0x00000007a6880000,0x00000007a6880000,0x00000007a7780000)
 ParOldGen       total 75776K, used 20965K [0x0000000740000000, 0x0000000744a00000, 0x0000000795580000)
  object space 75776K, 27% used [0x0000000740000000,0x0000000741479658,0x0000000744a00000)
 Metaspace       used 20879K, capacity 21252K, committed 21296K, reserved 1069056K
  class space    used 2456K, capacity 2583K, committed 2608K, reserved 1048576K
}
Event: 7.677 GC heap before
{Heap before GC invocations=7 (full 1):
 PSYoungGen      total 138240K, used 133120K [0x0000000795580000, 0x00000007a7780000, 0x00000007c0000000)
  eden space 133120K, 100% used [0x0000000795580000,0x000000079d780000,0x000000079d780000)
  from space 5120K, 0% used [0x000000079d780000,0x000000079d780000,0x000000079dc80000)
  to   space 15360K, 0% used [0x00000007a6880000,0x00000007a6880000,0x00000007a7780000)
 ParOldGen       total 75776K, used 20965K [0x0000000740000000, 0x0000000744a00000, 0x0000000795580000)
  object space 75776K, 27% used [0x0000000740000000,0x0000000741479658,0x0000000744a00000)
 Metaspace       used 23706K, capacity 24232K, committed 24368K, reserved 1071104K
  class space    used 2733K, capacity 2851K, committed 2864K, reserved 1048576K
Event: 7.693 GC heap after
Heap after GC invocations=7 (full 1):
 PSYoungGen      total 229888K, used 15343K [0x0000000795580000, 0x00000007a7780000, 0x00000007c0000000)
  eden space 214528K, 0% used [0x0000000795580000,0x0000000795580000,0x00000007a2700000)
  from space 15360K, 99% used [0x00000007a6880000,0x00000007a777bc10,0x00000007a7780000)
  to   space 18944K, 0% used [0x00000007a5280000,0x00000007a5280000,0x00000007a6500000)
 ParOldGen       total 75776K, used 22522K [0x0000000740000000, 0x0000000744a00000, 0x0000000795580000)
  object space 75776K, 29% used [0x0000000740000000,0x00000007415fe818,0x0000000744a00000)
 Metaspace       used 23706K, capacity 24232K, committed 24368K, reserved 1071104K
  class space    used 2733K, capacity 2851K, committed 2864K, reserved 1048576K
}

