# JRE version: Java(TM) SE Runtime Environment (8.0_201-b09) (build 1.8.0_201-b09)
# Java VM: Java HotSpot(TM) 64-Bit Server VM (25.201-b09 mixed mode bsd-amd64 compressed oops)
Heap:
 PSYoungGen      total 244224K, used 69327K [0x0000000795580000, 0x00000007a7680000, 0x00000007c0000000)
  eden space 229376K, 23% used [0x0000000795580000,0x0000000798ab7090,0x00000007a3580000)
  from space 14848K, 99% used [0x00000007a6800000,0x00000007a767cf38,0x00000007a7680000)
  to   space 18432K, 0% used [0x00000007a5280000,0x00000007a5280000,0x00000007a6480000)
 ParOldGen       total 70656K, used 22435K [0x0000000740000000, 0x0000000744500000, 0x0000000795580000)
  object space 70656K, 31% used [0x0000000740000000,0x00000007415e8c98,0x0000000744500000)
 Metaspace       used 25262K, capacity 25806K, committed 26160K, reserved 1073152K
  class space    used 2880K, capacity 3012K, committed 3120K, reserved 1048576K
GC Heap History (10 events):
Event: 3.119 GC heap before
{Heap before GC invocations=3 (full 0):
 PSYoungGen      total 71680K, used 71659K [0x0000000795580000, 0x000000079a080000, 0x00000007c0000000)
  eden space 66560K, 100% used [0x0000000795580000,0x0000000799680000,0x0000000799680000)
  from space 5120K, 99% used [0x0000000799b80000,0x000000079a07aeb8,0x000000079a080000)
  to   space 5120K, 0% used [0x0000000799680000,0x0000000799680000,0x0000000799b80000)
 ParOldGen       total 87552K, used 1769K [0x0000000740000000, 0x0000000745580000, 0x0000000795580000)
  object space 87552K, 2% used [0x0000000740000000,0x00000007401ba4b0,0x0000000745580000)
 Metaspace       used 15581K, capacity 15890K, committed 16128K, reserved 1062912K
  class space    used 1853K, capacity 1974K, committed 2048K, reserved 1048576K
Event: 3.175 GC heap after
Heap after GC invocations=3 (full 0):
 PSYoungGen      total 71680K, used 5088K [0x0000000795580000, 0x000000079e180000, 0x00000007c0000000)
  eden space 66560K, 0% used [0x0000000795580000,0x0000000795580000,0x0000000799680000)
  from space 5120K, 99% used [0x0000000799680000,0x0000000799b78020,0x0000000799b80000)
  to   space 5120K, 0% used [0x000000079dc80000,0x000000079dc80000,0x000000079e180000)
 ParOldGen       total 87552K, used 10069K [0x0000000740000000, 0x0000000745580000, 0x0000000795580000)
  object space 87552K, 11% used [0x0000000740000000,0x00000007409d5490,0x0000000745580000)
 Metaspace       used 15581K, capacity 15890K, committed 16128K, reserved 1062912K
  class space    used 1853K, capacity 1974K, committed 2048K, reserved 1048576K
}
Event: 4.448 GC heap before
{Heap before GC invocations=4 (full 0):
 PSYoungGen      total 71680K, used 71648K [0x0000000795580000, 0x000000079e180000, 0x00000007c0000000)
  eden space 66560K, 100% used [0x0000000795580000,0x0000000799680000,0x0000000799680000)
  from space 5120K, 99% used [0x0000000799680000,0x0000000799b78020,0x0000000799b80000)
  to   space 5120K, 0% used [0x000000079dc80000,0x000000079dc80000,0x000000079e180000)
 ParOldGen       total 87552K, used 10069K [0x0000000740000000, 0x0000000745580000, 0x0000000795580000)
  object space 87552K, 11% used [0x0000000740000000,0x00000007409d5490,0x0000000745580000)
 Metaspace       used 16255K, capacity 16584K, committed 16896K, reserved 1064960K
  class space    used 1876K, capacity 1983K, committed 2048K, reserved 1048576K
Event: 4.486 GC heap after
Heap after GC invocations=4 (full 0):
 PSYoungGen      total 138240K, used 5104K [0x0000000795580000, 0x000000079e180000, 0x00000007c0000000)
  eden space 133120K, 0% used [0x0000000795580000,0x0000000795580000,0x000000079d780000)
  from space 5120K, 99% used [0x000000079dc80000,0x000000079e17c010,0x000000079e180000)
  to   space 5120K, 0% used [0x000000079d780000,0x000000079d780000,0x000000079dc80000)
 ParOldGen       total 87552K, used 16421K [0x0000000740000000, 0x0000000745580000, 0x0000000795580000)
  object space 87552K, 18% used [0x0000000740000000,0x0000000741009478,0x0000000745580000)
 Metaspace       used 16255K, capacity 16584K, committed 16896K, reserved 1064960K
  class space    used 1876K, capacity 1983K, committed 2048K, reserved 1048576K
}
Event: 5.521 GC heap before
{Heap before GC invocations=5 (full 0):
 PSYoungGen      total 138240K, used 57349K [0x0000000795580000, 0x000000079e180000, 0x00000007c0000000)
  eden space 133120K, 39% used [0x0000000795580000,0x0000000798885728,0x000000079d780000)
  from space 5120K, 99% used [0x000000079dc80000,0x000000079e17c010,0x000000079e180000)
  to   space 5120K, 0% used [0x000000079d780000,0x000000079d780000,0x000000079dc80000)
 ParOldGen       total 87552K, used 16421K [0x0000000740000000, 0x0000000745580000, 0x0000000795580000)
  object space 87552K, 18% used [0x0000000740000000,0x0000000741009478,0x0000000745580000)
 Metaspace       used 20712K, capacity 21188K, committed 21296K, reserved 1069056K
  class space    used 2441K, capacity 2583K, committed 2608K, reserved 1048576K
Event: 5.573 GC heap after
Heap after GC invocations=5 (full 0):
 PSYoungGen      total 138240K, used 5104K [0x0000000795580000, 0x00000007a7680000, 0x00000007c0000000)
  eden space 133120K, 0% used [0x0000000795580000,0x0000000795580000,0x000000079d780000)
  from space 5120K, 99% used [0x000000079d780000,0x000000079dc7c030,0x000000079dc80000)
  to   space 14848K, 0% used [0x00000007a6800000,0x00000007a6800000,0x00000007a7680000)
 ParOldGen       total 87552K, used 20648K [0x0000000740000000, 0x0000000745580000, 0x0000000795580000)
  object space 87552K, 23% used [0x0000000740000000,0x000000074142a0b0,0x0000000745580000)
 Metaspace       used 20712K, capacity 21188K, committed 21296K, reserved 1069056K
  class space    used 2441K, capacity 2583K, committed 2608K, reserved 1048576K
}
Event: 5.573 GC heap before
{Heap before GC invocations=6 (full 1):
 PSYoungGen      total 138240K, used 5104K [0x0000000795580000, 0x00000007a7680000, 0x00000007c0000000)
  eden space 133120K, 0% used [0x0000000795580000,0x0000000795580000,0x000000079d780000)
  from space 5120K, 99% used [0x000000079d780000,0x000000079dc7c030,0x000000079dc80000)
  to   space 14848K, 0% used [0x00000007a6800000,0x00000007a6800000,0x00000007a7680000)
 ParOldGen       total 87552K, used 20648K [0x0000000740000000, 0x0000000745580000, 0x0000000795580000)
  object space 87552K, 23% used [0x0000000740000000,0x000000074142a0b0,0x0000000745580000)
 Metaspace       used 20712K, capacity 21188K, committed 21296K, reserved 1069056K
  class space    used 2441K, capacity 2583K, committed 2608K, reserved 1048576K
Event: 5.629 GC heap after
Heap after GC invocations=6 (full 1):
 PSYoungGen      total 138240K, used 0K [0x0000000795580000, 0x00000007a7680000, 0x00000007c0000000)
  eden space 133120K, 0% used [0x0000000795580000,0x0000000795580000,0x000000079d780000)
  from space 5120K, 0% used [0x000000079d780000,0x000000079d780000,0x000000079dc80000)
  to   space 14848K, 0% used [0x00000007a6800000,0x00000007a6800000,0x00000007a7680000)
 ParOldGen       total 70656K, used 20156K [0x0000000740000000, 0x0000000744500000, 0x0000000795580000)
  object space 70656K, 28% used [0x0000000740000000,0x00000007413af158,0x0000000744500000)
 Metaspace       used 20712K, capacity 21188K, committed 21296K, reserved 1069056K
  class space    used 2441K, capacity 2583K, committed 2608K, reserved 1048576K
}
Event: 6.864 GC heap before
{Heap before GC invocations=7 (full 1):
 PSYoungGen      total 138240K, used 133120K [0x0000000795580000, 0x00000007a7680000, 0x00000007c0000000)
  eden space 133120K, 100% used [0x0000000795580000,0x000000079d780000,0x000000079d780000)
  from space 5120K, 0% used [0x000000079d780000,0x000000079d780000,0x000000079dc80000)
  to   space 14848K, 0% used [0x00000007a6800000,0x00000007a6800000,0x00000007a7680000)
 ParOldGen       total 70656K, used 20156K [0x0000000740000000, 0x0000000744500000, 0x0000000795580000)
  object space 70656K, 28% used [0x0000000740000000,0x00000007413af158,0x0000000744500000)
 Metaspace       used 23787K, capacity 24328K, committed 24496K, reserved 1071104K
  class space    used 2747K, capacity 2883K, committed 2992K, reserved 1048576K
Event: 6.876 GC heap after
Heap after GC invocations=7 (full 1):
 PSYoungGen      total 244224K, used 14835K [0x0000000795580000, 0x00000007a7680000, 0x00000007c0000000)
  eden space 229376K, 0% used [0x0000000795580000,0x0000000795580000,0x00000007a3580000)
  from space 14848K, 99% used [0x00000007a6800000,0x00000007a767cf38,0x00000007a7680000)
  to   space 18432K, 0% used [0x00000007a5280000,0x00000007a5280000,0x00000007a6480000)
 ParOldGen       total 70656K, used 22435K [0x0000000740000000, 0x0000000744500000, 0x0000000795580000)
  object space 70656K, 31% used [0x0000000740000000,0x00000007415e8c98,0x0000000744500000)
 Metaspace       used 23787K, capacity 24328K, committed 24496K, reserved 1071104K
  class space    used 2747K, capacity 2883K, committed 2992K, reserved 1048576K
}

