# JRE version: Java(TM) SE Runtime Environment (8.0_201-b09) (build 1.8.0_201-b09)
# Java VM: Java HotSpot(TM) 64-Bit Server VM (25.201-b09 mixed mode bsd-amd64 compressed oops)
Heap:
 PSYoungGen      total 244224K, used 69614K [0x0000000795580000, 0x00000007a7680000, 0x00000007c0000000)
  eden space 229376K, 23% used [0x0000000795580000,0x0000000798b02d10,0x00000007a3580000)
  from space 14848K, 99% used [0x00000007a6800000,0x00000007a7678d30,0x00000007a7680000)
  to   space 18432K, 0% used [0x00000007a5280000,0x00000007a5280000,0x00000007a6480000)
 ParOldGen       total 71168K, used 22511K [0x0000000740000000, 0x0000000744580000, 0x0000000795580000)
  object space 71168K, 31% used [0x0000000740000000,0x00000007415fbf88,0x0000000744580000)
 Metaspace       used 25099K, capacity 25710K, committed 25904K, reserved 1073152K
  class space    used 2863K, capacity 3044K, committed 3120K, reserved 1048576K
GC Heap History (10 events):
Event: 3.387 GC heap before
{Heap before GC invocations=3 (full 0):
 PSYoungGen      total 71680K, used 71654K [0x0000000795580000, 0x000000079a080000, 0x00000007c0000000)
  eden space 66560K, 100% used [0x0000000795580000,0x0000000799680000,0x0000000799680000)
  from space 5120K, 99% used [0x0000000799b80000,0x000000079a079a68,0x000000079a080000)
  to   space 5120K, 0% used [0x0000000799680000,0x0000000799680000,0x0000000799b80000)
 ParOldGen       total 87552K, used 1776K [0x0000000740000000, 0x0000000745580000, 0x0000000795580000)
  object space 87552K, 2% used [0x0000000740000000,0x00000007401bc1a8,0x0000000745580000)
 Metaspace       used 15512K, capacity 15794K, committed 16128K, reserved 1062912K
  class space    used 1849K, capacity 1942K, committed 2048K, reserved 1048576K
Event: 3.439 GC heap after
Heap after GC invocations=3 (full 0):
 PSYoungGen      total 71680K, used 5104K [0x0000000795580000, 0x000000079e180000, 0x00000007c0000000)
  eden space 66560K, 0% used [0x0000000795580000,0x0000000795580000,0x0000000799680000)
  from space 5120K, 99% used [0x0000000799680000,0x0000000799b7c010,0x0000000799b80000)
  to   space 5120K, 0% used [0x000000079dc80000,0x000000079dc80000,0x000000079e180000)
 ParOldGen       total 87552K, used 10174K [0x0000000740000000, 0x0000000745580000, 0x0000000795580000)
  object space 87552K, 11% used [0x0000000740000000,0x00000007409ef9d0,0x0000000745580000)
 Metaspace       used 15512K, capacity 15794K, committed 16128K, reserved 1062912K
  class space    used 1849K, capacity 1942K, committed 2048K, reserved 1048576K
}
Event: 4.810 GC heap before
{Heap before GC invocations=4 (full 0):
 PSYoungGen      total 71680K, used 71664K [0x0000000795580000, 0x000000079e180000, 0x00000007c0000000)
  eden space 66560K, 100% used [0x0000000795580000,0x0000000799680000,0x0000000799680000)
  from space 5120K, 99% used [0x0000000799680000,0x0000000799b7c010,0x0000000799b80000)
  to   space 5120K, 0% used [0x000000079dc80000,0x000000079dc80000,0x000000079e180000)
 ParOldGen       total 87552K, used 10174K [0x0000000740000000, 0x0000000745580000, 0x0000000795580000)
  object space 87552K, 11% used [0x0000000740000000,0x00000007409ef9d0,0x0000000745580000)
 Metaspace       used 16271K, capacity 16584K, committed 16896K, reserved 1064960K
  class space    used 1879K, capacity 1983K, committed 2048K, reserved 1048576K
Event: 4.850 GC heap after
Heap after GC invocations=4 (full 0):
 PSYoungGen      total 138240K, used 5104K [0x0000000795580000, 0x000000079e180000, 0x00000007c0000000)
  eden space 133120K, 0% used [0x0000000795580000,0x0000000795580000,0x000000079d780000)
  from space 5120K, 99% used [0x000000079dc80000,0x000000079e17c010,0x000000079e180000)
  to   space 5120K, 0% used [0x000000079d780000,0x000000079d780000,0x000000079dc80000)
 ParOldGen       total 87552K, used 16379K [0x0000000740000000, 0x0000000745580000, 0x0000000795580000)
  object space 87552K, 18% used [0x0000000740000000,0x0000000740ffed10,0x0000000745580000)
 Metaspace       used 16271K, capacity 16584K, committed 16896K, reserved 1064960K
  class space    used 1879K, capacity 1983K, committed 2048K, reserved 1048576K
}
Event: 5.889 GC heap before
{Heap before GC invocations=5 (full 0):
 PSYoungGen      total 138240K, used 57658K [0x0000000795580000, 0x000000079e180000, 0x00000007c0000000)
  eden space 133120K, 39% used [0x0000000795580000,0x00000007988d28f0,0x000000079d780000)
  from space 5120K, 99% used [0x000000079dc80000,0x000000079e17c010,0x000000079e180000)
  to   space 5120K, 0% used [0x000000079d780000,0x000000079d780000,0x000000079dc80000)
 ParOldGen       total 87552K, used 16379K [0x0000000740000000, 0x0000000745580000, 0x0000000795580000)
  object space 87552K, 18% used [0x0000000740000000,0x0000000740ffed10,0x0000000745580000)
 Metaspace       used 20720K, capacity 21188K, committed 21296K, reserved 1069056K
  class space    used 2447K, capacity 2583K, committed 2608K, reserved 1048576K
Event: 5.945 GC heap after
Heap after GC invocations=5 (full 0):
 PSYoungGen      total 138240K, used 5104K [0x0000000795580000, 0x00000007a7680000, 0x00000007c0000000)
  eden space 133120K, 0% used [0x0000000795580000,0x0000000795580000,0x000000079d780000)
  from space 5120K, 99% used [0x000000079d780000,0x000000079dc7c010,0x000000079dc80000)
  to   space 14848K, 0% used [0x00000007a6800000,0x00000007a6800000,0x00000007a7680000)
 ParOldGen       total 87552K, used 20658K [0x0000000740000000, 0x0000000745580000, 0x0000000795580000)
  object space 87552K, 23% used [0x0000000740000000,0x000000074142caa0,0x0000000745580000)
 Metaspace       used 20720K, capacity 21188K, committed 21296K, reserved 1069056K
  class space    used 2447K, capacity 2583K, committed 2608K, reserved 1048576K
}
Event: 5.945 GC heap before
{Heap before GC invocations=6 (full 1):
 PSYoungGen      total 138240K, used 5104K [0x0000000795580000, 0x00000007a7680000, 0x00000007c0000000)
  eden space 133120K, 0% used [0x0000000795580000,0x0000000795580000,0x000000079d780000)
  from space 5120K, 99% used [0x000000079d780000,0x000000079dc7c010,0x000000079dc80000)
  to   space 14848K, 0% used [0x00000007a6800000,0x00000007a6800000,0x00000007a7680000)
 ParOldGen       total 87552K, used 20658K [0x0000000740000000, 0x0000000745580000, 0x0000000795580000)
  object space 87552K, 23% used [0x0000000740000000,0x000000074142caa0,0x0000000745580000)
 Metaspace       used 20720K, capacity 21188K, committed 21296K, reserved 1069056K
  class space    used 2447K, capacity 2583K, committed 2608K, reserved 1048576K
Event: 6.005 GC heap after
Heap after GC invocations=6 (full 1):
 PSYoungGen      total 138240K, used 0K [0x0000000795580000, 0x00000007a7680000, 0x00000007c0000000)
  eden space 133120K, 0% used [0x0000000795580000,0x0000000795580000,0x000000079d780000)
  from space 5120K, 0% used [0x000000079d780000,0x000000079d780000,0x000000079dc80000)
  to   space 14848K, 0% used [0x00000007a6800000,0x00000007a6800000,0x00000007a7680000)
 ParOldGen       total 71168K, used 20360K [0x0000000740000000, 0x0000000744580000, 0x0000000795580000)
  object space 71168K, 28% used [0x0000000740000000,0x00000007413e2180,0x0000000744580000)
 Metaspace       used 20720K, capacity 21188K, committed 21296K, reserved 1069056K
  class space    used 2447K, capacity 2583K, committed 2608K, reserved 1048576K
}
Event: 7.408 GC heap before
{Heap before GC invocations=7 (full 1):
 PSYoungGen      total 138240K, used 133120K [0x0000000795580000, 0x00000007a7680000, 0x00000007c0000000)
  eden space 133120K, 100% used [0x0000000795580000,0x000000079d780000,0x000000079d780000)
  from space 5120K, 0% used [0x000000079d780000,0x000000079d780000,0x000000079dc80000)
  to   space 14848K, 0% used [0x00000007a6800000,0x00000007a6800000,0x00000007a7680000)
 ParOldGen       total 71168K, used 20360K [0x0000000740000000, 0x0000000744580000, 0x0000000795580000)
  object space 71168K, 28% used [0x0000000740000000,0x00000007413e2180,0x0000000744580000)
 Metaspace       used 23689K, capacity 24296K, committed 24496K, reserved 1071104K
  class space    used 2736K, capacity 2915K, committed 2992K, reserved 1048576K
Event: 7.420 GC heap after
Heap after GC invocations=7 (full 1):
 PSYoungGen      total 244224K, used 14819K [0x0000000795580000, 0x00000007a7680000, 0x00000007c0000000)
  eden space 229376K, 0% used [0x0000000795580000,0x0000000795580000,0x00000007a3580000)
  from space 14848K, 99% used [0x00000007a6800000,0x00000007a7678d30,0x00000007a7680000)
  to   space 18432K, 0% used [0x00000007a5280000,0x00000007a5280000,0x00000007a6480000)
 ParOldGen       total 71168K, used 22511K [0x0000000740000000, 0x0000000744580000, 0x0000000795580000)
  object space 71168K, 31% used [0x0000000740000000,0x00000007415fbf88,0x0000000744580000)
 Metaspace       used 23689K, capacity 24296K, committed 24496K, reserved 1071104K
  class space    used 2736K, capacity 2915K, committed 2992K, reserved 1048576K
}

